<?xml version="1.0" encoding="UTF-8"?>
<!-- Generated by org.testng.reporters.JUnitReportReporter -->
<testsuite hostname="DESKTOP-83JQO3M" failures="0" tests="2" name="com.itlearn.testcases.LoginTestDataDrivenTesting" time="0.229" errors="0" timestamp="2024-10-07T23:08:22 BDT" skipped="0">
  <testcase classname="com.itlearn.testcases.LoginTestDataDrivenTesting" name="VerifyLogin" time="0.142"/>
  <system-out/>
  <testcase classname="com.itlearn.testcases.LoginTestDataDrivenTesting" name="VerifyLogin" time="0.087"/>
  <system-out/>
</testsuite> <!-- com.itlearn.testcases.LoginTestDataDrivenTesting -->
