<?xml version="1.0" encoding="UTF-8"?>
<!-- Generated by org.testng.reporters.JUnitReportReporter -->
<testsuite hostname="DESKTOP-83JQO3M" failures="0" tests="2" name="com.itlearn.testcases.LoginTest" time="1.798" errors="0" timestamp="2024-10-07T21:41:27 BDT" skipped="0">
  <testcase classname="com.itlearn.testcases.LoginTest" name="verifyLogin" time="1.780"/>
  <system-out/>
  <testcase classname="com.itlearn.testcases.LoginTest" name="fetchDashboardText" time="0.018"/>
  <system-out/>
</testsuite> <!-- com.itlearn.testcases.LoginTest -->
